<?xml version="1.0" encoding="UTF-8"?>
<!-- Generated by org.testng.reporters.JUnitXMLReporter -->
<testsuite ignored="0" hostname="DESKTOP-33C0BU9" failures="12" tests="168" name="Test" time="461.156" errors="0" timestamp="2024-09-08T22:26:41 IST">
  <testcase classname="api.tests.datadriven.users.postTests" name="PostUserTestMethod1" time="4.747"/>
  <testcase classname="api.tests.datadriven.users.postTests" name="PostUserTestMethod1" time="1.559"/>
  <testcase classname="api.tests.datadriven.users.postTests" name="PostUserTestMethod1" time="1.23"/>
  <testcase classname="api.tests.datadriven.users.postTests" name="PostUserTestMethod1" time="1.598"/>
  <testcase classname="api.tests.datadriven.users.postTests" name="PostUserTestMethod1" time="1.276"/>
  <testcase classname="api.tests.datadriven.users.postTests" name="PostUserTestMethod1" time="1.34"/>
  <testcase classname="api.tests.datadriven.users.postTests" name="PostUserTestMethod2" time="1.591"/>
  <testcase classname="api.tests.datadriven.users.postTests" name="PostUserTestMethod2" time="1.465"/>
  <testcase classname="api.tests.datadriven.users.postTests" name="PostUserTestMethod2" time="1.563"/>
  <testcase classname="api.tests.datadriven.users.postTests" name="PostUserTestMethod2" time="1.47"/>
  <testcase classname="api.tests.datadriven.users.postTests" name="PostUserTestMethod2" time="1.798"/>
  <testcase classname="api.tests.datadriven.users.postTests" name="PostUserTestMethod2" time="1.699"/>
  <testcase classname="api.tests.datadriven.users.postTests" name="PostUserTestMethod3" time="1.408"/>
  <testcase classname="api.tests.datadriven.users.postTests" name="PostUserTestMethod3" time="1.536"/>
  <testcase classname="api.tests.datadriven.users.postTests" name="PostUserTestMethod3" time="1.329"/>
  <testcase classname="api.tests.datadriven.users.postTests" name="PostUserTestMethod3" time="1.43"/>
  <testcase classname="api.tests.datadriven.users.postTests" name="PostUserTestMethod3" time="1.362"/>
  <testcase classname="api.tests.datadriven.users.postTests" name="PostUserTestMethod3" time="1.435"/>
  <testcase classname="api.tests.datadriven.users.postTests" name="PostUserTestMethod4" time="1.525"/>
  <testcase classname="api.tests.datadriven.users.postTests" name="PostUserTestMethod4" time="1.449"/>
  <testcase classname="api.tests.datadriven.users.postTests" name="PostUserTestMethod4" time="1.883"/>
  <testcase classname="api.tests.datadriven.users.postTests" name="PostUserTestMethod4" time="1.782"/>
  <testcase classname="api.tests.datadriven.users.postTests" name="PostUserTestMethod4" time="1.838"/>
  <testcase classname="api.tests.datadriven.users.postTests" name="PostUserTestMethod4" time="1.84"/>
  <testcase classname="api.tests.datadriven.users.postTests" name="PostUserTestMethod5" time="2.168"/>
  <testcase classname="api.tests.datadriven.users.postTests" name="PostUserTestMethod5" time="1.621"/>
  <testcase classname="api.tests.datadriven.users.postTests" name="PostUserTestMethod5" time="1.297"/>
  <testcase classname="api.tests.datadriven.users.postTests" name="PostUserTestMethod5" time="1.436"/>
  <testcase classname="api.tests.datadriven.users.postTests" name="PostUserTestMethod5" time="1.94"/>
  <testcase classname="api.tests.datadriven.users.postTests" name="PostUserTestMethod5" time="2.047"/>
  <testcase classname="api.tests.datadriven.users.postTests" name="PostUserTestMethod6" time="2.384">
    <failure type="java.lang.AssertionError" message="
Expected: is a value greater than &amp;lt;6&amp;gt;
     but: &amp;lt;4&amp;gt; was less than &amp;lt;6&amp;gt;">
      <![CDATA[java.lang.AssertionError: 
Expected: is a value greater than <6>
     but: <4> was less than <6>
at org.hamcrest.MatcherAssert.assertThat(MatcherAssert.java:20)
at org.hamcrest.MatcherAssert.assertThat(MatcherAssert.java:6)
at api.tests.datadriven.users.postTests.PostUserTestMethod6(postTests.java:184)
at java.base/java.util.ArrayList.forEach(ArrayList.java:1597)
... Removed 25 stack frames]]>
    </failure>
  </testcase> <!-- PostUserTestMethod6 -->
  <testcase classname="api.tests.datadriven.users.postTests" name="PostUserTestMethod6" time="1.466">
    <failure type="java.lang.AssertionError" message="
Expected: is a value greater than &amp;lt;6&amp;gt;
     but: &amp;lt;4&amp;gt; was less than &amp;lt;6&amp;gt;">
      <![CDATA[java.lang.AssertionError: 
Expected: is a value greater than <6>
     but: <4> was less than <6>
at org.hamcrest.MatcherAssert.assertThat(MatcherAssert.java:20)
at org.hamcrest.MatcherAssert.assertThat(MatcherAssert.java:6)
at api.tests.datadriven.users.postTests.PostUserTestMethod6(postTests.java:184)
at java.base/java.util.ArrayList.forEach(ArrayList.java:1597)
... Removed 25 stack frames]]>
    </failure>
  </testcase> <!-- PostUserTestMethod6 -->
  <testcase classname="api.tests.datadriven.users.postTests" name="PostUserTestMethod6" time="1.988">
    <failure type="java.lang.AssertionError" message="
Expected: is a value greater than &amp;lt;6&amp;gt;
     but: &amp;lt;4&amp;gt; was less than &amp;lt;6&amp;gt;">
      <![CDATA[java.lang.AssertionError: 
Expected: is a value greater than <6>
     but: <4> was less than <6>
at org.hamcrest.MatcherAssert.assertThat(MatcherAssert.java:20)
at org.hamcrest.MatcherAssert.assertThat(MatcherAssert.java:6)
at api.tests.datadriven.users.postTests.PostUserTestMethod6(postTests.java:184)
at java.base/java.util.ArrayList.forEach(ArrayList.java:1597)
... Removed 25 stack frames]]>
    </failure>
  </testcase> <!-- PostUserTestMethod6 -->
  <testcase classname="api.tests.datadriven.users.postTests" name="PostUserTestMethod6" time="1.685">
    <failure type="java.lang.AssertionError" message="
Expected: is a value greater than &amp;lt;6&amp;gt;
     but: &amp;lt;4&amp;gt; was less than &amp;lt;6&amp;gt;">
      <![CDATA[java.lang.AssertionError: 
Expected: is a value greater than <6>
     but: <4> was less than <6>
at org.hamcrest.MatcherAssert.assertThat(MatcherAssert.java:20)
at org.hamcrest.MatcherAssert.assertThat(MatcherAssert.java:6)
at api.tests.datadriven.users.postTests.PostUserTestMethod6(postTests.java:184)
at java.base/java.util.ArrayList.forEach(ArrayList.java:1597)
... Removed 25 stack frames]]>
    </failure>
  </testcase> <!-- PostUserTestMethod6 -->
  <testcase classname="api.tests.datadriven.users.postTests" name="PostUserTestMethod6" time="1.994">
    <failure type="java.lang.AssertionError" message="
Expected: is a value greater than &amp;lt;6&amp;gt;
     but: &amp;lt;4&amp;gt; was less than &amp;lt;6&amp;gt;">
      <![CDATA[java.lang.AssertionError: 
Expected: is a value greater than <6>
     but: <4> was less than <6>
at org.hamcrest.MatcherAssert.assertThat(MatcherAssert.java:20)
at org.hamcrest.MatcherAssert.assertThat(MatcherAssert.java:6)
at api.tests.datadriven.users.postTests.PostUserTestMethod6(postTests.java:184)
at java.base/java.util.ArrayList.forEach(ArrayList.java:1597)
... Removed 25 stack frames]]>
    </failure>
  </testcase> <!-- PostUserTestMethod6 -->
  <testcase classname="api.tests.datadriven.users.postTests" name="PostUserTestMethod6" time="1.628">
    <failure type="java.lang.AssertionError" message="
Expected: is a value greater than &amp;lt;6&amp;gt;
     but: &amp;lt;4&amp;gt; was less than &amp;lt;6&amp;gt;">
      <![CDATA[java.lang.AssertionError: 
Expected: is a value greater than <6>
     but: <4> was less than <6>
at org.hamcrest.MatcherAssert.assertThat(MatcherAssert.java:20)
at org.hamcrest.MatcherAssert.assertThat(MatcherAssert.java:6)
at api.tests.datadriven.users.postTests.PostUserTestMethod6(postTests.java:184)
at java.base/java.util.ArrayList.forEach(ArrayList.java:1597)
... Removed 25 stack frames]]>
    </failure>
  </testcase> <!-- PostUserTestMethod6 -->
  <testcase classname="api.tests.datadriven.users.postTests" name="PostUserTestMethod7" time="1.473"/>
  <testcase classname="api.tests.datadriven.users.postTests" name="PostUserTestMethod7" time="1.637"/>
  <testcase classname="api.tests.datadriven.users.postTests" name="PostUserTestMethod7" time="1.809"/>
  <testcase classname="api.tests.datadriven.users.postTests" name="PostUserTestMethod7" time="1.413"/>
  <testcase classname="api.tests.datadriven.users.postTests" name="PostUserTestMethod7" time="1.584"/>
  <testcase classname="api.tests.datadriven.users.postTests" name="PostUserTestMethod7" time="1.324"/>
  <testcase classname="api.tests.datadriven.users.getTests" name="GetUserTestMethod1" time="3.326"/>
  <testcase classname="api.tests.datadriven.users.getTests" name="GetUserTestMethod1" time="3.384"/>
  <testcase classname="api.tests.datadriven.users.getTests" name="GetUserTestMethod1" time="3.032"/>
  <testcase classname="api.tests.datadriven.users.getTests" name="GetUserTestMethod1" time="2.529"/>
  <testcase classname="api.tests.datadriven.users.getTests" name="GetUserTestMethod1" time="2.58"/>
  <testcase classname="api.tests.datadriven.users.getTests" name="GetUserTestMethod1" time="2.478"/>
  <testcase classname="api.tests.datadriven.users.getTests" name="GetUserTestMethod2" time="2.406"/>
  <testcase classname="api.tests.datadriven.users.getTests" name="GetUserTestMethod2" time="2.429"/>
  <testcase classname="api.tests.datadriven.users.getTests" name="GetUserTestMethod2" time="2.566"/>
  <testcase classname="api.tests.datadriven.users.getTests" name="GetUserTestMethod2" time="2.781"/>
  <testcase classname="api.tests.datadriven.users.getTests" name="GetUserTestMethod2" time="2.536"/>
  <testcase classname="api.tests.datadriven.users.getTests" name="GetUserTestMethod2" time="2.674"/>
  <testcase classname="api.tests.datadriven.users.getTests" name="GetUserTestMethod3" time="4.182"/>
  <testcase classname="api.tests.datadriven.users.getTests" name="GetUserTestMethod3" time="3.14"/>
  <testcase classname="api.tests.datadriven.users.getTests" name="GetUserTestMethod3" time="2.62"/>
  <testcase classname="api.tests.datadriven.users.getTests" name="GetUserTestMethod3" time="2.542"/>
  <testcase classname="api.tests.datadriven.users.getTests" name="GetUserTestMethod3" time="2.574"/>
  <testcase classname="api.tests.datadriven.users.getTests" name="GetUserTestMethod3" time="2.521"/>
  <testcase classname="api.tests.datadriven.users.getTests" name="GetUserTestMethod4" time="2.4"/>
  <testcase classname="api.tests.datadriven.users.getTests" name="GetUserTestMethod4" time="2.809"/>
  <testcase classname="api.tests.datadriven.users.getTests" name="GetUserTestMethod4" time="2.854"/>
  <testcase classname="api.tests.datadriven.users.getTests" name="GetUserTestMethod4" time="2.505"/>
  <testcase classname="api.tests.datadriven.users.getTests" name="GetUserTestMethod4" time="2.518"/>
  <testcase classname="api.tests.datadriven.users.getTests" name="GetUserTestMethod4" time="2.807"/>
  <testcase classname="api.tests.datadriven.users.getTests" name="GetUserTestMethod5" time="2.432"/>
  <testcase classname="api.tests.datadriven.users.getTests" name="GetUserTestMethod5" time="2.477"/>
  <testcase classname="api.tests.datadriven.users.getTests" name="GetUserTestMethod5" time="2.762"/>
  <testcase classname="api.tests.datadriven.users.getTests" name="GetUserTestMethod5" time="2.819"/>
  <testcase classname="api.tests.datadriven.users.getTests" name="GetUserTestMethod5" time="3.124"/>
  <testcase classname="api.tests.datadriven.users.getTests" name="GetUserTestMethod5" time="3.486"/>
  <testcase classname="api.tests.datadriven.users.getTests" name="GetUserTestMethod6" time="3.242"/>
  <testcase classname="api.tests.datadriven.users.getTests" name="GetUserTestMethod6" time="2.842"/>
  <testcase classname="api.tests.datadriven.users.getTests" name="GetUserTestMethod6" time="3.146"/>
  <testcase classname="api.tests.datadriven.users.getTests" name="GetUserTestMethod6" time="5.062"/>
  <testcase classname="api.tests.datadriven.users.getTests" name="GetUserTestMethod6" time="3.87"/>
  <testcase classname="api.tests.datadriven.users.getTests" name="GetUserTestMethod6" time="3.054"/>
  <testcase classname="api.tests.datadriven.users.getTests" name="GetUserTestMethod7" time="2.784"/>
  <testcase classname="api.tests.datadriven.users.getTests" name="GetUserTestMethod7" time="2.694"/>
  <testcase classname="api.tests.datadriven.users.getTests" name="GetUserTestMethod7" time="2.405"/>
  <testcase classname="api.tests.datadriven.users.getTests" name="GetUserTestMethod7" time="2.46"/>
  <testcase classname="api.tests.datadriven.users.getTests" name="GetUserTestMethod7" time="2.478"/>
  <testcase classname="api.tests.datadriven.users.getTests" name="GetUserTestMethod7" time="2.706"/>
  <testcase classname="api.tests.datadriven.users.putTests" name="PutUserTestMethod1" time="3.426"/>
  <testcase classname="api.tests.datadriven.users.putTests" name="PutUserTestMethod1" time="3.436"/>
  <testcase classname="api.tests.datadriven.users.putTests" name="PutUserTestMethod1" time="3.104"/>
  <testcase classname="api.tests.datadriven.users.putTests" name="PutUserTestMethod1" time="3.247"/>
  <testcase classname="api.tests.datadriven.users.putTests" name="PutUserTestMethod1" time="2.848"/>
  <testcase classname="api.tests.datadriven.users.putTests" name="PutUserTestMethod1" time="3.68"/>
  <testcase classname="api.tests.datadriven.users.putTests" name="PutUserTestMethod2" time="3.667"/>
  <testcase classname="api.tests.datadriven.users.putTests" name="PutUserTestMethod2" time="3.072"/>
  <testcase classname="api.tests.datadriven.users.putTests" name="PutUserTestMethod2" time="3.112"/>
  <testcase classname="api.tests.datadriven.users.putTests" name="PutUserTestMethod2" time="2.541"/>
  <testcase classname="api.tests.datadriven.users.putTests" name="PutUserTestMethod2" time="2.45"/>
  <testcase classname="api.tests.datadriven.users.putTests" name="PutUserTestMethod2" time="2.376"/>
  <testcase classname="api.tests.datadriven.users.putTests" name="PutUserTestMethod3" time="2.589"/>
  <testcase classname="api.tests.datadriven.users.putTests" name="PutUserTestMethod3" time="2.538"/>
  <testcase classname="api.tests.datadriven.users.putTests" name="PutUserTestMethod3" time="3.121"/>
  <testcase classname="api.tests.datadriven.users.putTests" name="PutUserTestMethod3" time="2.63"/>
  <testcase classname="api.tests.datadriven.users.putTests" name="PutUserTestMethod3" time="2.923"/>
  <testcase classname="api.tests.datadriven.users.putTests" name="PutUserTestMethod3" time="3.636"/>
  <testcase classname="api.tests.datadriven.users.putTests" name="PutUserTestMethod4" time="2.455"/>
  <testcase classname="api.tests.datadriven.users.putTests" name="PutUserTestMethod4" time="2.39"/>
  <testcase classname="api.tests.datadriven.users.putTests" name="PutUserTestMethod4" time="2.478"/>
  <testcase classname="api.tests.datadriven.users.putTests" name="PutUserTestMethod4" time="2.476"/>
  <testcase classname="api.tests.datadriven.users.putTests" name="PutUserTestMethod4" time="2.756"/>
  <testcase classname="api.tests.datadriven.users.putTests" name="PutUserTestMethod4" time="2.705"/>
  <testcase classname="api.tests.datadriven.users.putTests" name="PutUserTestMethod5" time="3.256"/>
  <testcase classname="api.tests.datadriven.users.putTests" name="PutUserTestMethod5" time="2.878"/>
  <testcase classname="api.tests.datadriven.users.putTests" name="PutUserTestMethod5" time="3.464"/>
  <testcase classname="api.tests.datadriven.users.putTests" name="PutUserTestMethod5" time="3.27"/>
  <testcase classname="api.tests.datadriven.users.putTests" name="PutUserTestMethod5" time="3.042"/>
  <testcase classname="api.tests.datadriven.users.putTests" name="PutUserTestMethod5" time="3.099"/>
  <testcase classname="api.tests.datadriven.users.putTests" name="PutUserTestMethod6" time="3.09">
    <failure type="java.lang.AssertionError" message="
Expected: is a value equal to or greater than &amp;lt;6&amp;gt;
     but: &amp;lt;4&amp;gt; was less than &amp;lt;6&amp;gt;">
      <![CDATA[java.lang.AssertionError: 
Expected: is a value equal to or greater than <6>
     but: <4> was less than <6>
at org.hamcrest.MatcherAssert.assertThat(MatcherAssert.java:20)
at org.hamcrest.MatcherAssert.assertThat(MatcherAssert.java:6)
at api.tests.datadriven.users.putTests.PutUserTestMethod6(putTests.java:228)
at java.base/java.util.ArrayList.forEach(ArrayList.java:1597)
... Removed 25 stack frames]]>
    </failure>
  </testcase> <!-- PutUserTestMethod6 -->
  <testcase classname="api.tests.datadriven.users.putTests" name="PutUserTestMethod6" time="3.156">
    <failure type="java.lang.AssertionError" message="
Expected: is a value equal to or greater than &amp;lt;6&amp;gt;
     but: &amp;lt;4&amp;gt; was less than &amp;lt;6&amp;gt;">
      <![CDATA[java.lang.AssertionError: 
Expected: is a value equal to or greater than <6>
     but: <4> was less than <6>
at org.hamcrest.MatcherAssert.assertThat(MatcherAssert.java:20)
at org.hamcrest.MatcherAssert.assertThat(MatcherAssert.java:6)
at api.tests.datadriven.users.putTests.PutUserTestMethod6(putTests.java:228)
at java.base/java.util.ArrayList.forEach(ArrayList.java:1597)
... Removed 25 stack frames]]>
    </failure>
  </testcase> <!-- PutUserTestMethod6 -->
  <testcase classname="api.tests.datadriven.users.putTests" name="PutUserTestMethod6" time="2.552">
    <failure type="java.lang.AssertionError" message="
Expected: is a value equal to or greater than &amp;lt;6&amp;gt;
     but: &amp;lt;4&amp;gt; was less than &amp;lt;6&amp;gt;">
      <![CDATA[java.lang.AssertionError: 
Expected: is a value equal to or greater than <6>
     but: <4> was less than <6>
at org.hamcrest.MatcherAssert.assertThat(MatcherAssert.java:20)
at org.hamcrest.MatcherAssert.assertThat(MatcherAssert.java:6)
at api.tests.datadriven.users.putTests.PutUserTestMethod6(putTests.java:228)
at java.base/java.util.ArrayList.forEach(ArrayList.java:1597)
... Removed 25 stack frames]]>
    </failure>
  </testcase> <!-- PutUserTestMethod6 -->
  <testcase classname="api.tests.datadriven.users.putTests" name="PutUserTestMethod6" time="3.572">
    <failure type="java.lang.AssertionError" message="
Expected: is a value equal to or greater than &amp;lt;6&amp;gt;
     but: &amp;lt;4&amp;gt; was less than &amp;lt;6&amp;gt;">
      <![CDATA[java.lang.AssertionError: 
Expected: is a value equal to or greater than <6>
     but: <4> was less than <6>
at org.hamcrest.MatcherAssert.assertThat(MatcherAssert.java:20)
at org.hamcrest.MatcherAssert.assertThat(MatcherAssert.java:6)
at api.tests.datadriven.users.putTests.PutUserTestMethod6(putTests.java:228)
at java.base/java.util.ArrayList.forEach(ArrayList.java:1597)
... Removed 25 stack frames]]>
    </failure>
  </testcase> <!-- PutUserTestMethod6 -->
  <testcase classname="api.tests.datadriven.users.putTests" name="PutUserTestMethod6" time="2.718">
    <failure type="java.lang.AssertionError" message="
Expected: is a value equal to or greater than &amp;lt;6&amp;gt;
     but: &amp;lt;4&amp;gt; was less than &amp;lt;6&amp;gt;">
      <![CDATA[java.lang.AssertionError: 
Expected: is a value equal to or greater than <6>
     but: <4> was less than <6>
at org.hamcrest.MatcherAssert.assertThat(MatcherAssert.java:20)
at org.hamcrest.MatcherAssert.assertThat(MatcherAssert.java:6)
at api.tests.datadriven.users.putTests.PutUserTestMethod6(putTests.java:228)
at java.base/java.util.ArrayList.forEach(ArrayList.java:1597)
... Removed 25 stack frames]]>
    </failure>
  </testcase> <!-- PutUserTestMethod6 -->
  <testcase classname="api.tests.datadriven.users.putTests" name="PutUserTestMethod6" time="2.852">
    <failure type="java.lang.AssertionError" message="
Expected: is a value equal to or greater than &amp;lt;6&amp;gt;
     but: &amp;lt;4&amp;gt; was less than &amp;lt;6&amp;gt;">
      <![CDATA[java.lang.AssertionError: 
Expected: is a value equal to or greater than <6>
     but: <4> was less than <6>
at org.hamcrest.MatcherAssert.assertThat(MatcherAssert.java:20)
at org.hamcrest.MatcherAssert.assertThat(MatcherAssert.java:6)
at api.tests.datadriven.users.putTests.PutUserTestMethod6(putTests.java:228)
at java.base/java.util.ArrayList.forEach(ArrayList.java:1597)
... Removed 25 stack frames]]>
    </failure>
  </testcase> <!-- PutUserTestMethod6 -->
  <testcase classname="api.tests.datadriven.users.putTests" name="PutUserTestMethod7" time="2.852"/>
  <testcase classname="api.tests.datadriven.users.putTests" name="PutUserTestMethod7" time="2.94"/>
  <testcase classname="api.tests.datadriven.users.putTests" name="PutUserTestMethod7" time="2.689"/>
  <testcase classname="api.tests.datadriven.users.putTests" name="PutUserTestMethod7" time="2.907"/>
  <testcase classname="api.tests.datadriven.users.putTests" name="PutUserTestMethod7" time="2.997"/>
  <testcase classname="api.tests.datadriven.users.putTests" name="PutUserTestMethod7" time="2.596"/>
  <testcase classname="api.tests.datadriven.users.deleteTests" name="DeleteUserTestMethod1" time="2.916"/>
  <testcase classname="api.tests.datadriven.users.deleteTests" name="DeleteUserTestMethod1" time="3.236"/>
  <testcase classname="api.tests.datadriven.users.deleteTests" name="DeleteUserTestMethod1" time="2.859"/>
  <testcase classname="api.tests.datadriven.users.deleteTests" name="DeleteUserTestMethod1" time="3.833"/>
  <testcase classname="api.tests.datadriven.users.deleteTests" name="DeleteUserTestMethod1" time="3.281"/>
  <testcase classname="api.tests.datadriven.users.deleteTests" name="DeleteUserTestMethod1" time="3.202"/>
  <testcase classname="api.tests.datadriven.users.deleteTests" name="DeleteUserTestMethod2" time="3.106"/>
  <testcase classname="api.tests.datadriven.users.deleteTests" name="DeleteUserTestMethod2" time="2.737"/>
  <testcase classname="api.tests.datadriven.users.deleteTests" name="DeleteUserTestMethod2" time="3.274"/>
  <testcase classname="api.tests.datadriven.users.deleteTests" name="DeleteUserTestMethod2" time="3.022"/>
  <testcase classname="api.tests.datadriven.users.deleteTests" name="DeleteUserTestMethod2" time="3.217"/>
  <testcase classname="api.tests.datadriven.users.deleteTests" name="DeleteUserTestMethod2" time="2.644"/>
  <testcase classname="api.tests.datadriven.users.deleteTests" name="DeleteUserTestMethod3" time="2.71"/>
  <testcase classname="api.tests.datadriven.users.deleteTests" name="DeleteUserTestMethod3" time="3.069"/>
  <testcase classname="api.tests.datadriven.users.deleteTests" name="DeleteUserTestMethod3" time="2.425"/>
  <testcase classname="api.tests.datadriven.users.deleteTests" name="DeleteUserTestMethod3" time="2.359"/>
  <testcase classname="api.tests.datadriven.users.deleteTests" name="DeleteUserTestMethod3" time="2.495"/>
  <testcase classname="api.tests.datadriven.users.deleteTests" name="DeleteUserTestMethod3" time="3.031"/>
  <testcase classname="api.tests.datadriven.users.deleteTests" name="DeleteUserTestMethod4" time="2.66"/>
  <testcase classname="api.tests.datadriven.users.deleteTests" name="DeleteUserTestMethod4" time="3.176"/>
  <testcase classname="api.tests.datadriven.users.deleteTests" name="DeleteUserTestMethod4" time="3.213"/>
  <testcase classname="api.tests.datadriven.users.deleteTests" name="DeleteUserTestMethod4" time="2.427"/>
  <testcase classname="api.tests.datadriven.users.deleteTests" name="DeleteUserTestMethod4" time="3.198"/>
  <testcase classname="api.tests.datadriven.users.deleteTests" name="DeleteUserTestMethod4" time="3.092"/>
  <testcase classname="api.tests.datadriven.users.deleteTests" name="DeleteUserTestMethod5" time="3.129"/>
  <testcase classname="api.tests.datadriven.users.deleteTests" name="DeleteUserTestMethod5" time="2.468"/>
  <testcase classname="api.tests.datadriven.users.deleteTests" name="DeleteUserTestMethod5" time="2.422"/>
  <testcase classname="api.tests.datadriven.users.deleteTests" name="DeleteUserTestMethod5" time="2.416"/>
  <testcase classname="api.tests.datadriven.users.deleteTests" name="DeleteUserTestMethod5" time="2.498"/>
  <testcase classname="api.tests.datadriven.users.deleteTests" name="DeleteUserTestMethod5" time="2.433"/>
  <testcase classname="api.tests.datadriven.users.deleteTests" name="DeleteUserTestMethod6" time="2.5"/>
  <testcase classname="api.tests.datadriven.users.deleteTests" name="DeleteUserTestMethod6" time="2.798"/>
  <testcase classname="api.tests.datadriven.users.deleteTests" name="DeleteUserTestMethod6" time="3.185"/>
  <testcase classname="api.tests.datadriven.users.deleteTests" name="DeleteUserTestMethod6" time="2.945"/>
  <testcase classname="api.tests.datadriven.users.deleteTests" name="DeleteUserTestMethod6" time="2.768"/>
  <testcase classname="api.tests.datadriven.users.deleteTests" name="DeleteUserTestMethod6" time="2.916"/>
  <testcase classname="api.tests.datadriven.users.deleteTests" name="DeleteUserTestMethod7" time="2.87"/>
  <testcase classname="api.tests.datadriven.users.deleteTests" name="DeleteUserTestMethod7" time="4.102"/>
  <testcase classname="api.tests.datadriven.users.deleteTests" name="DeleteUserTestMethod7" time="3.89"/>
  <testcase classname="api.tests.datadriven.users.deleteTests" name="DeleteUserTestMethod7" time="3.273"/>
  <testcase classname="api.tests.datadriven.users.deleteTests" name="DeleteUserTestMethod7" time="3.476"/>
  <testcase classname="api.tests.datadriven.users.deleteTests" name="DeleteUserTestMethod7" time="3.893"/>
</testsuite> <!-- Test -->
