<?xml version="1.0" encoding="UTF-8"?>
<!-- Generated by org.testng.reporters.JUnitXMLReporter -->
<testsuite ignored="0" hostname="DESKTOP-33C0BU9" failures="12" tests="168" name="Test" time="535.476" errors="0" timestamp="2024-09-08T21:22:07 IST">
  <testcase classname="api.tests.datadriven.users.postTests" name="PostUserTestMethod1" time="4.942"/>
  <testcase classname="api.tests.datadriven.users.postTests" name="PostUserTestMethod1" time="1.688"/>
  <testcase classname="api.tests.datadriven.users.postTests" name="PostUserTestMethod1" time="1.594"/>
  <testcase classname="api.tests.datadriven.users.postTests" name="PostUserTestMethod1" time="1.987"/>
  <testcase classname="api.tests.datadriven.users.postTests" name="PostUserTestMethod1" time="1.701"/>
  <testcase classname="api.tests.datadriven.users.postTests" name="PostUserTestMethod1" time="2.047"/>
  <testcase classname="api.tests.datadriven.users.postTests" name="PostUserTestMethod2" time="2.043"/>
  <testcase classname="api.tests.datadriven.users.postTests" name="PostUserTestMethod2" time="1.837"/>
  <testcase classname="api.tests.datadriven.users.postTests" name="PostUserTestMethod2" time="2.05"/>
  <testcase classname="api.tests.datadriven.users.postTests" name="PostUserTestMethod2" time="1.533"/>
  <testcase classname="api.tests.datadriven.users.postTests" name="PostUserTestMethod2" time="1.944"/>
  <testcase classname="api.tests.datadriven.users.postTests" name="PostUserTestMethod2" time="2.046"/>
  <testcase classname="api.tests.datadriven.users.postTests" name="PostUserTestMethod3" time="1.683"/>
  <testcase classname="api.tests.datadriven.users.postTests" name="PostUserTestMethod3" time="1.836"/>
  <testcase classname="api.tests.datadriven.users.postTests" name="PostUserTestMethod3" time="1.84"/>
  <testcase classname="api.tests.datadriven.users.postTests" name="PostUserTestMethod3" time="1.843"/>
  <testcase classname="api.tests.datadriven.users.postTests" name="PostUserTestMethod3" time="1.644"/>
  <testcase classname="api.tests.datadriven.users.postTests" name="PostUserTestMethod3" time="1.817"/>
  <testcase classname="api.tests.datadriven.users.postTests" name="PostUserTestMethod4" time="1.97"/>
  <testcase classname="api.tests.datadriven.users.postTests" name="PostUserTestMethod4" time="1.642"/>
  <testcase classname="api.tests.datadriven.users.postTests" name="PostUserTestMethod4" time="1.658"/>
  <testcase classname="api.tests.datadriven.users.postTests" name="PostUserTestMethod4" time="1.612"/>
  <testcase classname="api.tests.datadriven.users.postTests" name="PostUserTestMethod4" time="2.049"/>
  <testcase classname="api.tests.datadriven.users.postTests" name="PostUserTestMethod4" time="1.633"/>
  <testcase classname="api.tests.datadriven.users.postTests" name="PostUserTestMethod5" time="2.287"/>
  <testcase classname="api.tests.datadriven.users.postTests" name="PostUserTestMethod5" time="1.211"/>
  <testcase classname="api.tests.datadriven.users.postTests" name="PostUserTestMethod5" time="1.554"/>
  <testcase classname="api.tests.datadriven.users.postTests" name="PostUserTestMethod5" time="1.841"/>
  <testcase classname="api.tests.datadriven.users.postTests" name="PostUserTestMethod5" time="1.552"/>
  <testcase classname="api.tests.datadriven.users.postTests" name="PostUserTestMethod5" time="2.127"/>
  <testcase classname="api.tests.datadriven.users.postTests" name="PostUserTestMethod6" time="2.583">
    <failure type="java.lang.AssertionError" message="
Expected: is a value greater than &amp;lt;6&amp;gt;
     but: &amp;lt;4&amp;gt; was less than &amp;lt;6&amp;gt;">
      <![CDATA[java.lang.AssertionError: 
Expected: is a value greater than <6>
     but: <4> was less than <6>
at org.hamcrest.MatcherAssert.assertThat(MatcherAssert.java:20)
at org.hamcrest.MatcherAssert.assertThat(MatcherAssert.java:6)
at api.tests.datadriven.users.postTests.PostUserTestMethod6(postTests.java:184)
at java.base/java.util.ArrayList.forEach(ArrayList.java:1596)
... Removed 29 stack frames]]>
    </failure>
  </testcase> <!-- PostUserTestMethod6 -->
  <testcase classname="api.tests.datadriven.users.postTests" name="PostUserTestMethod6" time="1.812">
    <failure type="java.lang.AssertionError" message="
Expected: is a value greater than &amp;lt;6&amp;gt;
     but: &amp;lt;4&amp;gt; was less than &amp;lt;6&amp;gt;">
      <![CDATA[java.lang.AssertionError: 
Expected: is a value greater than <6>
     but: <4> was less than <6>
at org.hamcrest.MatcherAssert.assertThat(MatcherAssert.java:20)
at org.hamcrest.MatcherAssert.assertThat(MatcherAssert.java:6)
at api.tests.datadriven.users.postTests.PostUserTestMethod6(postTests.java:184)
at java.base/java.util.ArrayList.forEach(ArrayList.java:1596)
... Removed 29 stack frames]]>
    </failure>
  </testcase> <!-- PostUserTestMethod6 -->
  <testcase classname="api.tests.datadriven.users.postTests" name="PostUserTestMethod6" time="1.633">
    <failure type="java.lang.AssertionError" message="
Expected: is a value greater than &amp;lt;6&amp;gt;
     but: &amp;lt;4&amp;gt; was less than &amp;lt;6&amp;gt;">
      <![CDATA[java.lang.AssertionError: 
Expected: is a value greater than <6>
     but: <4> was less than <6>
at org.hamcrest.MatcherAssert.assertThat(MatcherAssert.java:20)
at org.hamcrest.MatcherAssert.assertThat(MatcherAssert.java:6)
at api.tests.datadriven.users.postTests.PostUserTestMethod6(postTests.java:184)
at java.base/java.util.ArrayList.forEach(ArrayList.java:1596)
... Removed 29 stack frames]]>
    </failure>
  </testcase> <!-- PostUserTestMethod6 -->
  <testcase classname="api.tests.datadriven.users.postTests" name="PostUserTestMethod6" time="2.055">
    <failure type="java.lang.AssertionError" message="
Expected: is a value greater than &amp;lt;6&amp;gt;
     but: &amp;lt;4&amp;gt; was less than &amp;lt;6&amp;gt;">
      <![CDATA[java.lang.AssertionError: 
Expected: is a value greater than <6>
     but: <4> was less than <6>
at org.hamcrest.MatcherAssert.assertThat(MatcherAssert.java:20)
at org.hamcrest.MatcherAssert.assertThat(MatcherAssert.java:6)
at api.tests.datadriven.users.postTests.PostUserTestMethod6(postTests.java:184)
at java.base/java.util.ArrayList.forEach(ArrayList.java:1596)
... Removed 29 stack frames]]>
    </failure>
  </testcase> <!-- PostUserTestMethod6 -->
  <testcase classname="api.tests.datadriven.users.postTests" name="PostUserTestMethod6" time="1.839">
    <failure type="java.lang.AssertionError" message="
Expected: is a value greater than &amp;lt;6&amp;gt;
     but: &amp;lt;4&amp;gt; was less than &amp;lt;6&amp;gt;">
      <![CDATA[java.lang.AssertionError: 
Expected: is a value greater than <6>
     but: <4> was less than <6>
at org.hamcrest.MatcherAssert.assertThat(MatcherAssert.java:20)
at org.hamcrest.MatcherAssert.assertThat(MatcherAssert.java:6)
at api.tests.datadriven.users.postTests.PostUserTestMethod6(postTests.java:184)
at java.base/java.util.ArrayList.forEach(ArrayList.java:1596)
... Removed 29 stack frames]]>
    </failure>
  </testcase> <!-- PostUserTestMethod6 -->
  <testcase classname="api.tests.datadriven.users.postTests" name="PostUserTestMethod6" time="2.031">
    <failure type="java.lang.AssertionError" message="
Expected: is a value greater than &amp;lt;6&amp;gt;
     but: &amp;lt;4&amp;gt; was less than &amp;lt;6&amp;gt;">
      <![CDATA[java.lang.AssertionError: 
Expected: is a value greater than <6>
     but: <4> was less than <6>
at org.hamcrest.MatcherAssert.assertThat(MatcherAssert.java:20)
at org.hamcrest.MatcherAssert.assertThat(MatcherAssert.java:6)
at api.tests.datadriven.users.postTests.PostUserTestMethod6(postTests.java:184)
at java.base/java.util.ArrayList.forEach(ArrayList.java:1596)
... Removed 29 stack frames]]>
    </failure>
  </testcase> <!-- PostUserTestMethod6 -->
  <testcase classname="api.tests.datadriven.users.postTests" name="PostUserTestMethod7" time="1.936"/>
  <testcase classname="api.tests.datadriven.users.postTests" name="PostUserTestMethod7" time="1.973"/>
  <testcase classname="api.tests.datadriven.users.postTests" name="PostUserTestMethod7" time="1.719"/>
  <testcase classname="api.tests.datadriven.users.postTests" name="PostUserTestMethod7" time="2.048"/>
  <testcase classname="api.tests.datadriven.users.postTests" name="PostUserTestMethod7" time="2.044"/>
  <testcase classname="api.tests.datadriven.users.postTests" name="PostUserTestMethod7" time="1.862"/>
  <testcase classname="api.tests.datadriven.users.getTests" name="GetUserTestMethod1" time="3.025"/>
  <testcase classname="api.tests.datadriven.users.getTests" name="GetUserTestMethod1" time="3.64"/>
  <testcase classname="api.tests.datadriven.users.getTests" name="GetUserTestMethod1" time="3.68"/>
  <testcase classname="api.tests.datadriven.users.getTests" name="GetUserTestMethod1" time="3.69"/>
  <testcase classname="api.tests.datadriven.users.getTests" name="GetUserTestMethod1" time="3.69"/>
  <testcase classname="api.tests.datadriven.users.getTests" name="GetUserTestMethod1" time="3.89"/>
  <testcase classname="api.tests.datadriven.users.getTests" name="GetUserTestMethod2" time="3.664"/>
  <testcase classname="api.tests.datadriven.users.getTests" name="GetUserTestMethod2" time="3.834"/>
  <testcase classname="api.tests.datadriven.users.getTests" name="GetUserTestMethod2" time="3.847"/>
  <testcase classname="api.tests.datadriven.users.getTests" name="GetUserTestMethod2" time="3.73"/>
  <testcase classname="api.tests.datadriven.users.getTests" name="GetUserTestMethod2" time="3.479"/>
  <testcase classname="api.tests.datadriven.users.getTests" name="GetUserTestMethod2" time="3.58"/>
  <testcase classname="api.tests.datadriven.users.getTests" name="GetUserTestMethod3" time="3.73"/>
  <testcase classname="api.tests.datadriven.users.getTests" name="GetUserTestMethod3" time="3.684"/>
  <testcase classname="api.tests.datadriven.users.getTests" name="GetUserTestMethod3" time="3.484"/>
  <testcase classname="api.tests.datadriven.users.getTests" name="GetUserTestMethod3" time="3.686"/>
  <testcase classname="api.tests.datadriven.users.getTests" name="GetUserTestMethod3" time="3.274"/>
  <testcase classname="api.tests.datadriven.users.getTests" name="GetUserTestMethod3" time="3.89"/>
  <testcase classname="api.tests.datadriven.users.getTests" name="GetUserTestMethod4" time="3.511"/>
  <testcase classname="api.tests.datadriven.users.getTests" name="GetUserTestMethod4" time="3.687"/>
  <testcase classname="api.tests.datadriven.users.getTests" name="GetUserTestMethod4" time="4.089"/>
  <testcase classname="api.tests.datadriven.users.getTests" name="GetUserTestMethod4" time="3.432"/>
  <testcase classname="api.tests.datadriven.users.getTests" name="GetUserTestMethod4" time="3.526"/>
  <testcase classname="api.tests.datadriven.users.getTests" name="GetUserTestMethod4" time="3.48"/>
  <testcase classname="api.tests.datadriven.users.getTests" name="GetUserTestMethod5" time="3.761"/>
  <testcase classname="api.tests.datadriven.users.getTests" name="GetUserTestMethod5" time="3.887"/>
  <testcase classname="api.tests.datadriven.users.getTests" name="GetUserTestMethod5" time="3.682"/>
  <testcase classname="api.tests.datadriven.users.getTests" name="GetUserTestMethod5" time="3.687"/>
  <testcase classname="api.tests.datadriven.users.getTests" name="GetUserTestMethod5" time="3.507"/>
  <testcase classname="api.tests.datadriven.users.getTests" name="GetUserTestMethod5" time="3.649"/>
  <testcase classname="api.tests.datadriven.users.getTests" name="GetUserTestMethod6" time="3.685"/>
  <testcase classname="api.tests.datadriven.users.getTests" name="GetUserTestMethod6" time="3.072"/>
  <testcase classname="api.tests.datadriven.users.getTests" name="GetUserTestMethod6" time="3.618"/>
  <testcase classname="api.tests.datadriven.users.getTests" name="GetUserTestMethod6" time="3.304"/>
  <testcase classname="api.tests.datadriven.users.getTests" name="GetUserTestMethod6" time="3.701"/>
  <testcase classname="api.tests.datadriven.users.getTests" name="GetUserTestMethod6" time="4.097"/>
  <testcase classname="api.tests.datadriven.users.getTests" name="GetUserTestMethod7" time="3.29"/>
  <testcase classname="api.tests.datadriven.users.getTests" name="GetUserTestMethod7" time="3.638"/>
  <testcase classname="api.tests.datadriven.users.getTests" name="GetUserTestMethod7" time="3.482"/>
  <testcase classname="api.tests.datadriven.users.getTests" name="GetUserTestMethod7" time="3.89"/>
  <testcase classname="api.tests.datadriven.users.getTests" name="GetUserTestMethod7" time="3.688"/>
  <testcase classname="api.tests.datadriven.users.getTests" name="GetUserTestMethod7" time="3.889"/>
  <testcase classname="api.tests.datadriven.users.putTests" name="PutUserTestMethod1" time="3.518"/>
  <testcase classname="api.tests.datadriven.users.putTests" name="PutUserTestMethod1" time="3.711"/>
  <testcase classname="api.tests.datadriven.users.putTests" name="PutUserTestMethod1" time="3.822"/>
  <testcase classname="api.tests.datadriven.users.putTests" name="PutUserTestMethod1" time="3.711"/>
  <testcase classname="api.tests.datadriven.users.putTests" name="PutUserTestMethod1" time="3.653"/>
  <testcase classname="api.tests.datadriven.users.putTests" name="PutUserTestMethod1" time="3.723"/>
  <testcase classname="api.tests.datadriven.users.putTests" name="PutUserTestMethod2" time="3.473"/>
  <testcase classname="api.tests.datadriven.users.putTests" name="PutUserTestMethod2" time="3.451"/>
  <testcase classname="api.tests.datadriven.users.putTests" name="PutUserTestMethod2" time="3.687"/>
  <testcase classname="api.tests.datadriven.users.putTests" name="PutUserTestMethod2" time="3.273"/>
  <testcase classname="api.tests.datadriven.users.putTests" name="PutUserTestMethod2" time="3.687"/>
  <testcase classname="api.tests.datadriven.users.putTests" name="PutUserTestMethod2" time="3.17"/>
  <testcase classname="api.tests.datadriven.users.putTests" name="PutUserTestMethod3" time="3.242"/>
  <testcase classname="api.tests.datadriven.users.putTests" name="PutUserTestMethod3" time="3.629"/>
  <testcase classname="api.tests.datadriven.users.putTests" name="PutUserTestMethod3" time="3.28"/>
  <testcase classname="api.tests.datadriven.users.putTests" name="PutUserTestMethod3" time="3.577"/>
  <testcase classname="api.tests.datadriven.users.putTests" name="PutUserTestMethod3" time="3.582"/>
  <testcase classname="api.tests.datadriven.users.putTests" name="PutUserTestMethod3" time="3.479"/>
  <testcase classname="api.tests.datadriven.users.putTests" name="PutUserTestMethod4" time="3.331"/>
  <testcase classname="api.tests.datadriven.users.putTests" name="PutUserTestMethod4" time="3.888"/>
  <testcase classname="api.tests.datadriven.users.putTests" name="PutUserTestMethod4" time="3.502"/>
  <testcase classname="api.tests.datadriven.users.putTests" name="PutUserTestMethod4" time="2.948"/>
  <testcase classname="api.tests.datadriven.users.putTests" name="PutUserTestMethod4" time="3.781"/>
  <testcase classname="api.tests.datadriven.users.putTests" name="PutUserTestMethod4" time="3.071"/>
  <testcase classname="api.tests.datadriven.users.putTests" name="PutUserTestMethod5" time="3.013"/>
  <testcase classname="api.tests.datadriven.users.putTests" name="PutUserTestMethod5" time="3.231"/>
  <testcase classname="api.tests.datadriven.users.putTests" name="PutUserTestMethod5" time="3.922"/>
  <testcase classname="api.tests.datadriven.users.putTests" name="PutUserTestMethod5" time="3.137"/>
  <testcase classname="api.tests.datadriven.users.putTests" name="PutUserTestMethod5" time="2.706"/>
  <testcase classname="api.tests.datadriven.users.putTests" name="PutUserTestMethod5" time="2.968"/>
  <testcase classname="api.tests.datadriven.users.putTests" name="PutUserTestMethod6" time="3.175">
    <failure type="java.lang.AssertionError" message="
Expected: is a value equal to or greater than &amp;lt;6&amp;gt;
     but: &amp;lt;4&amp;gt; was less than &amp;lt;6&amp;gt;">
      <![CDATA[java.lang.AssertionError: 
Expected: is a value equal to or greater than <6>
     but: <4> was less than <6>
at org.hamcrest.MatcherAssert.assertThat(MatcherAssert.java:20)
at org.hamcrest.MatcherAssert.assertThat(MatcherAssert.java:6)
at api.tests.datadriven.users.putTests.PutUserTestMethod6(putTests.java:228)
at java.base/java.util.ArrayList.forEach(ArrayList.java:1596)
... Removed 29 stack frames]]>
    </failure>
  </testcase> <!-- PutUserTestMethod6 -->
  <testcase classname="api.tests.datadriven.users.putTests" name="PutUserTestMethod6" time="3.71">
    <failure type="java.lang.AssertionError" message="
Expected: is a value equal to or greater than &amp;lt;6&amp;gt;
     but: &amp;lt;4&amp;gt; was less than &amp;lt;6&amp;gt;">
      <![CDATA[java.lang.AssertionError: 
Expected: is a value equal to or greater than <6>
     but: <4> was less than <6>
at org.hamcrest.MatcherAssert.assertThat(MatcherAssert.java:20)
at org.hamcrest.MatcherAssert.assertThat(MatcherAssert.java:6)
at api.tests.datadriven.users.putTests.PutUserTestMethod6(putTests.java:228)
at java.base/java.util.ArrayList.forEach(ArrayList.java:1596)
... Removed 29 stack frames]]>
    </failure>
  </testcase> <!-- PutUserTestMethod6 -->
  <testcase classname="api.tests.datadriven.users.putTests" name="PutUserTestMethod6" time="3.666">
    <failure type="java.lang.AssertionError" message="
Expected: is a value equal to or greater than &amp;lt;6&amp;gt;
     but: &amp;lt;4&amp;gt; was less than &amp;lt;6&amp;gt;">
      <![CDATA[java.lang.AssertionError: 
Expected: is a value equal to or greater than <6>
     but: <4> was less than <6>
at org.hamcrest.MatcherAssert.assertThat(MatcherAssert.java:20)
at org.hamcrest.MatcherAssert.assertThat(MatcherAssert.java:6)
at api.tests.datadriven.users.putTests.PutUserTestMethod6(putTests.java:228)
at java.base/java.util.ArrayList.forEach(ArrayList.java:1596)
... Removed 29 stack frames]]>
    </failure>
  </testcase> <!-- PutUserTestMethod6 -->
  <testcase classname="api.tests.datadriven.users.putTests" name="PutUserTestMethod6" time="3.69">
    <failure type="java.lang.AssertionError" message="
Expected: is a value equal to or greater than &amp;lt;6&amp;gt;
     but: &amp;lt;4&amp;gt; was less than &amp;lt;6&amp;gt;">
      <![CDATA[java.lang.AssertionError: 
Expected: is a value equal to or greater than <6>
     but: <4> was less than <6>
at org.hamcrest.MatcherAssert.assertThat(MatcherAssert.java:20)
at org.hamcrest.MatcherAssert.assertThat(MatcherAssert.java:6)
at api.tests.datadriven.users.putTests.PutUserTestMethod6(putTests.java:228)
at java.base/java.util.ArrayList.forEach(ArrayList.java:1596)
... Removed 29 stack frames]]>
    </failure>
  </testcase> <!-- PutUserTestMethod6 -->
  <testcase classname="api.tests.datadriven.users.putTests" name="PutUserTestMethod6" time="3.471">
    <failure type="java.lang.AssertionError" message="
Expected: is a value equal to or greater than &amp;lt;6&amp;gt;
     but: &amp;lt;4&amp;gt; was less than &amp;lt;6&amp;gt;">
      <![CDATA[java.lang.AssertionError: 
Expected: is a value equal to or greater than <6>
     but: <4> was less than <6>
at org.hamcrest.MatcherAssert.assertThat(MatcherAssert.java:20)
at org.hamcrest.MatcherAssert.assertThat(MatcherAssert.java:6)
at api.tests.datadriven.users.putTests.PutUserTestMethod6(putTests.java:228)
at java.base/java.util.ArrayList.forEach(ArrayList.java:1596)
... Removed 29 stack frames]]>
    </failure>
  </testcase> <!-- PutUserTestMethod6 -->
  <testcase classname="api.tests.datadriven.users.putTests" name="PutUserTestMethod6" time="3.723">
    <failure type="java.lang.AssertionError" message="
Expected: is a value equal to or greater than &amp;lt;6&amp;gt;
     but: &amp;lt;4&amp;gt; was less than &amp;lt;6&amp;gt;">
      <![CDATA[java.lang.AssertionError: 
Expected: is a value equal to or greater than <6>
     but: <4> was less than <6>
at org.hamcrest.MatcherAssert.assertThat(MatcherAssert.java:20)
at org.hamcrest.MatcherAssert.assertThat(MatcherAssert.java:6)
at api.tests.datadriven.users.putTests.PutUserTestMethod6(putTests.java:228)
at java.base/java.util.ArrayList.forEach(ArrayList.java:1596)
... Removed 29 stack frames]]>
    </failure>
  </testcase> <!-- PutUserTestMethod6 -->
  <testcase classname="api.tests.datadriven.users.putTests" name="PutUserTestMethod7" time="3.662"/>
  <testcase classname="api.tests.datadriven.users.putTests" name="PutUserTestMethod7" time="2.948"/>
  <testcase classname="api.tests.datadriven.users.putTests" name="PutUserTestMethod7" time="3.427"/>
  <testcase classname="api.tests.datadriven.users.putTests" name="PutUserTestMethod7" time="3.656"/>
  <testcase classname="api.tests.datadriven.users.putTests" name="PutUserTestMethod7" time="3.077"/>
  <testcase classname="api.tests.datadriven.users.putTests" name="PutUserTestMethod7" time="3.27"/>
  <testcase classname="api.tests.datadriven.users.deleteTests" name="DeleteUserTestMethod1" time="3.758"/>
  <testcase classname="api.tests.datadriven.users.deleteTests" name="DeleteUserTestMethod1" time="3.893"/>
  <testcase classname="api.tests.datadriven.users.deleteTests" name="DeleteUserTestMethod1" time="3.684"/>
  <testcase classname="api.tests.datadriven.users.deleteTests" name="DeleteUserTestMethod1" time="3.481"/>
  <testcase classname="api.tests.datadriven.users.deleteTests" name="DeleteUserTestMethod1" time="2.688"/>
  <testcase classname="api.tests.datadriven.users.deleteTests" name="DeleteUserTestMethod1" time="3.104"/>
  <testcase classname="api.tests.datadriven.users.deleteTests" name="DeleteUserTestMethod2" time="2.868"/>
  <testcase classname="api.tests.datadriven.users.deleteTests" name="DeleteUserTestMethod2" time="3.47"/>
  <testcase classname="api.tests.datadriven.users.deleteTests" name="DeleteUserTestMethod2" time="3.703"/>
  <testcase classname="api.tests.datadriven.users.deleteTests" name="DeleteUserTestMethod2" time="3.971"/>
  <testcase classname="api.tests.datadriven.users.deleteTests" name="DeleteUserTestMethod2" time="3.147"/>
  <testcase classname="api.tests.datadriven.users.deleteTests" name="DeleteUserTestMethod2" time="3.939"/>
  <testcase classname="api.tests.datadriven.users.deleteTests" name="DeleteUserTestMethod3" time="3.96"/>
  <testcase classname="api.tests.datadriven.users.deleteTests" name="DeleteUserTestMethod3" time="3.449"/>
  <testcase classname="api.tests.datadriven.users.deleteTests" name="DeleteUserTestMethod3" time="4.129"/>
  <testcase classname="api.tests.datadriven.users.deleteTests" name="DeleteUserTestMethod3" time="3.375"/>
  <testcase classname="api.tests.datadriven.users.deleteTests" name="DeleteUserTestMethod3" time="3.206"/>
  <testcase classname="api.tests.datadriven.users.deleteTests" name="DeleteUserTestMethod3" time="3.238"/>
  <testcase classname="api.tests.datadriven.users.deleteTests" name="DeleteUserTestMethod4" time="2.996"/>
  <testcase classname="api.tests.datadriven.users.deleteTests" name="DeleteUserTestMethod4" time="3.542"/>
  <testcase classname="api.tests.datadriven.users.deleteTests" name="DeleteUserTestMethod4" time="3.889"/>
  <testcase classname="api.tests.datadriven.users.deleteTests" name="DeleteUserTestMethod4" time="3.787"/>
  <testcase classname="api.tests.datadriven.users.deleteTests" name="DeleteUserTestMethod4" time="3.584"/>
  <testcase classname="api.tests.datadriven.users.deleteTests" name="DeleteUserTestMethod4" time="3.883"/>
  <testcase classname="api.tests.datadriven.users.deleteTests" name="DeleteUserTestMethod5" time="3.64"/>
  <testcase classname="api.tests.datadriven.users.deleteTests" name="DeleteUserTestMethod5" time="4.004"/>
  <testcase classname="api.tests.datadriven.users.deleteTests" name="DeleteUserTestMethod5" time="3.68"/>
  <testcase classname="api.tests.datadriven.users.deleteTests" name="DeleteUserTestMethod5" time="3.879"/>
  <testcase classname="api.tests.datadriven.users.deleteTests" name="DeleteUserTestMethod5" time="3.39"/>
  <testcase classname="api.tests.datadriven.users.deleteTests" name="DeleteUserTestMethod5" time="3.789"/>
  <testcase classname="api.tests.datadriven.users.deleteTests" name="DeleteUserTestMethod6" time="3.756"/>
  <testcase classname="api.tests.datadriven.users.deleteTests" name="DeleteUserTestMethod6" time="3.072"/>
  <testcase classname="api.tests.datadriven.users.deleteTests" name="DeleteUserTestMethod6" time="3.295"/>
  <testcase classname="api.tests.datadriven.users.deleteTests" name="DeleteUserTestMethod6" time="2.647"/>
  <testcase classname="api.tests.datadriven.users.deleteTests" name="DeleteUserTestMethod6" time="3.11"/>
  <testcase classname="api.tests.datadriven.users.deleteTests" name="DeleteUserTestMethod6" time="3.628"/>
  <testcase classname="api.tests.datadriven.users.deleteTests" name="DeleteUserTestMethod7" time="2.46"/>
  <testcase classname="api.tests.datadriven.users.deleteTests" name="DeleteUserTestMethod7" time="2.402"/>
  <testcase classname="api.tests.datadriven.users.deleteTests" name="DeleteUserTestMethod7" time="2.868"/>
  <testcase classname="api.tests.datadriven.users.deleteTests" name="DeleteUserTestMethod7" time="3.443"/>
  <testcase classname="api.tests.datadriven.users.deleteTests" name="DeleteUserTestMethod7" time="2.457"/>
  <testcase classname="api.tests.datadriven.users.deleteTests" name="DeleteUserTestMethod7" time="2.869"/>
</testsuite> <!-- Test -->
